[35m[1mScanning dependencies of target wheellegged_sdk_lowlevel_copy[0m
[35m[1mScanning dependencies of target observation_buffer[0m
[35m[1mScanning dependencies of target rl_sdk[0m
[35m[1mScanning dependencies of target wl_sitdown[0m
[35m[1mScanning dependencies of target wl_standup[0m
[  2%] [34m[1mCopying wheellegged_sdk_lowlevel headers & library to devel[0m
[  5%] [32mBuilding CXX object library/thirdparty/wheellegged-sdk-lowlevel/examples/CMakeFiles/wl_standup.dir/wl_standup.cpp.o[0m
[  8%] [32mBuilding CXX object library/thirdparty/wheellegged-sdk-lowlevel/examples/CMakeFiles/wl_sitdown.dir/common/util.cpp.o[0m
[ 11%] [32mBuilding CXX object library/thirdparty/wheellegged-sdk-lowlevel/examples/CMakeFiles/wl_standup.dir/wl_controller_base.cpp.o[0m
[ 14%] [32mBuilding CXX object library/thirdparty/wheellegged-sdk-lowlevel/examples/CMakeFiles/wl_sitdown.dir/wl_sitdown.cpp.o[0m
[ 17%] [32mBuilding CXX object library/thirdparty/wheellegged-sdk-lowlevel/examples/CMakeFiles/wl_sitdown.dir/wl_controller_base.cpp.o[0m
[ 20%] [32mBuilding CXX object library/thirdparty/wheellegged-sdk-lowlevel/examples/CMakeFiles/wl_standup.dir/common/util.cpp.o[0m
[ 20%] Built target wheellegged_sdk_lowlevel_copy
[ 23%] [32mBuilding CXX object CMakeFiles/observation_buffer.dir/library/core/observation_buffer/observation_buffer.cpp.o[0m
[ 26%] [32mBuilding CXX object CMakeFiles/rl_sdk.dir/library/core/rl_sdk/rl_sdk.cpp.o[0m
[ 29%] [32mBuilding CXX object CMakeFiles/rl_sdk.dir/library/core/fsm/RLFSMState_GetDown.cpp.o[0m
[ 32%] [32mBuilding CXX object CMakeFiles/rl_sdk.dir/library/core/fsm/RLFSMState_GetUp.cpp.o[0m
[ 35%] [32mBuilding CXX object CMakeFiles/rl_sdk.dir/library/core/fsm/RLFSMState_RLLocomotion.cpp.o[0m
[ 38%] [32mBuilding CXX object CMakeFiles/rl_sdk.dir/library/core/fsm/RLFSMState_RLNavigation.cpp.o[0m
[ 41%] [32mBuilding CXX object CMakeFiles/rl_sdk.dir/library/core/fsm/RLFSMState_Test1.cpp.o[0m
[ 44%] [32mBuilding CXX object CMakeFiles/rl_sdk.dir/library/core/fsm/RLFSMState_Test2.cpp.o[0m
[ 47%] [32mBuilding CXX object CMakeFiles/rl_sdk.dir/library/core/fsm/RLFSMState_Waiting.cpp.o[0m
[ 50%] [32mBuilding CXX object CMakeFiles/rl_sdk.dir/library/core/fsm/RLFSMState_Wheel.cpp.o[0m
[ 52%] [32mBuilding CXX object CMakeFiles/rl_sdk.dir/library/core/rl_sdk/keyboard_controller.cpp.o[0m
[ 55%] [32m[1mLinking CXX executable /home/tf/rl_sar_bitter/rl_sar_w1/rl_sar_bitter/devel/.private/rl_sar/lib/rl_sar/wl_sitdown[0m
[ 55%] Built target wl_sitdown
[ 58%] [32m[1mLinking CXX executable /home/tf/rl_sar_bitter/rl_sar_w1/rl_sar_bitter/devel/.private/rl_sar/lib/rl_sar/wl_standup[0m
[ 58%] Built target wl_standup
[ 61%] [32m[1mLinking CXX shared library /home/tf/rl_sar_bitter/rl_sar_w1/rl_sar_bitter/devel/.private/rl_sar/lib/libobservation_buffer.so[0m
[ 61%] Built target observation_buffer
[ 64%] [32m[1mLinking CXX shared library /home/tf/rl_sar_bitter/rl_sar_w1/rl_sar_bitter/devel/.private/rl_sar/lib/librl_sdk.so[0m
[ 64%] Built target rl_sdk
[35m[1mScanning dependencies of target rl_real_go2[0m
[35m[1mScanning dependencies of target rl_real_a1[0m
[35m[1mScanning dependencies of target rl_sim[0m
[35m[1mScanning dependencies of target rl_real_bitter[0m
[35m[1mScanning dependencies of target rl_real_l4w4[0m
[35m[1mScanning dependencies of target rl_real_w1[0m
[ 70%] [32mBuilding CXX object CMakeFiles/rl_sim.dir/src/rl_sim.cpp.o[0m
[ 70%] [32mBuilding CXX object CMakeFiles/rl_real_l4w4.dir/src/rl_real_l4w4.cpp.o[0m
[ 73%] [32mBuilding CXX object CMakeFiles/rl_real_bitter.dir/src/rl_real_bitter.cpp.o[0m
[ 76%] [32mBuilding CXX object CMakeFiles/rl_real_a1.dir/src/rl_real_a1.cpp.o[0m
[ 79%] [32mBuilding CXX object CMakeFiles/rl_real_w1.dir/src/rl_real_w1.cpp.o[0m
[ 82%] [32mBuilding CXX object CMakeFiles/rl_real_go2.dir/src/rl_real_go2.cpp.o[0m
[ 85%] [32m[1mLinking CXX executable /home/tf/rl_sar_bitter/rl_sar_w1/rl_sar_bitter/devel/.private/rl_sar/lib/rl_sar/rl_real_l4w4[0m
[ 88%] [32m[1mLinking CXX executable /home/tf/rl_sar_bitter/rl_sar_w1/rl_sar_bitter/devel/.private/rl_sar/lib/rl_sar/rl_real_a1[0m
[ 88%] Built target rl_real_l4w4
[ 88%] Built target rl_real_a1
[ 91%] [32m[1mLinking CXX executable /home/tf/rl_sar_bitter/rl_sar_w1/rl_sar_bitter/devel/.private/rl_sar/lib/rl_sar/rl_real_bitter[0m
[ 94%] [32m[1mLinking CXX executable /home/tf/rl_sar_bitter/rl_sar_w1/rl_sar_bitter/devel/.private/rl_sar/lib/rl_sar/rl_real_w1[0m
[ 97%] [32m[1mLinking CXX executable /home/tf/rl_sar_bitter/rl_sar_w1/rl_sar_bitter/devel/.private/rl_sar/lib/rl_sar/rl_sim[0m
[ 97%] Built target rl_real_bitter
[ 97%] Built target rl_real_w1
[ 97%] Built target rl_sim
[100%] [32m[1mLinking CXX executable /home/tf/rl_sar_bitter/rl_sar_w1/rl_sar_bitter/devel/.private/rl_sar/lib/rl_sar/rl_real_go2[0m
[100%] Built target rl_real_go2
