Symlinking /home/tf/rl_sar_bitter/rl_sar_w1/rl_sar_bitter/devel/lib/libwheellegged_sdk_lowlevel.so
Symlinking /home/tf/rl_sar_bitter/rl_sar_w1/rl_sar_bitter/devel/lib/librl_sdk.so
Symlinking /home/tf/rl_sar_bitter/rl_sar_w1/rl_sar_bitter/devel/lib/libobservation_buffer.so
Symlinking /home/tf/rl_sar_bitter/rl_sar_w1/rl_sar_bitter/devel/lib/pkgconfig/rl_sar.pc
Symlinking /home/tf/rl_sar_bitter/rl_sar_w1/rl_sar_bitter/devel/lib/rl_sar/rl_real_l4w4
Symlinking /home/tf/rl_sar_bitter/rl_sar_w1/rl_sar_bitter/devel/lib/rl_sar/wl_sitdown
Symlinking /home/tf/rl_sar_bitter/rl_sar_w1/rl_sar_bitter/devel/lib/rl_sar/rl_sim
Symlinking /home/tf/rl_sar_bitter/rl_sar_w1/rl_sar_bitter/devel/lib/rl_sar/rl_sim.py
Symlinking /home/tf/rl_sar_bitter/rl_sar_w1/rl_sar_bitter/devel/lib/rl_sar/rl_real_a1
Symlinking /home/tf/rl_sar_bitter/rl_sar_w1/rl_sar_bitter/devel/lib/rl_sar/rl_real_bitter
Symlinking /home/tf/rl_sar_bitter/rl_sar_w1/rl_sar_bitter/devel/lib/rl_sar/rl_real_w1
Symlinking /home/tf/rl_sar_bitter/rl_sar_w1/rl_sar_bitter/devel/lib/rl_sar/actuator_net.py
Symlinking /home/tf/rl_sar_bitter/rl_sar_w1/rl_sar_bitter/devel/lib/rl_sar/rl_real_go2
Symlinking /home/tf/rl_sar_bitter/rl_sar_w1/rl_sar_bitter/devel/lib/rl_sar/wl_standup
Symlinking /home/tf/rl_sar_bitter/rl_sar_w1/rl_sar_bitter/devel/include/limxsdk/macros.h
Symlinking /home/tf/rl_sar_bitter/rl_sar_w1/rl_sar_bitter/devel/include/limxsdk/apibase.h
Symlinking /home/tf/rl_sar_bitter/rl_sar_w1/rl_sar_bitter/devel/include/limxsdk/wheellegged.h
Symlinking /home/tf/rl_sar_bitter/rl_sar_w1/rl_sar_bitter/devel/include/limxsdk/datatypes.h
Symlinking /home/tf/rl_sar_bitter/rl_sar_w1/rl_sar_bitter/devel/include/limxsdk/wl_stand_behavior.h
Symlinking /home/tf/rl_sar_bitter/rl_sar_w1/rl_sar_bitter/devel/share/rl_sar/cmake/rl_sarConfig.cmake
Symlinking /home/tf/rl_sar_bitter/rl_sar_w1/rl_sar_bitter/devel/share/rl_sar/cmake/rl_sarConfig-version.cmake
