Symlinking /home/tf/rl_sar_bitter/rl_sar_w1/rl_sar_bitter/devel/lib/pkgconfig/robot_msgs.pc
Symlinking /home/tf/rl_sar_bitter/rl_sar_w1/rl_sar_bitter/devel/lib/python3/dist-packages/robot_msgs/__init__.py
Symlinking /home/tf/rl_sar_bitter/rl_sar_w1/rl_sar_bitter/devel/lib/python3/dist-packages/robot_msgs/msg/_MotorCommand.py
Symlinking /home/tf/rl_sar_bitter/rl_sar_w1/rl_sar_bitter/devel/lib/python3/dist-packages/robot_msgs/msg/_BitterImu.py
Symlinking /home/tf/rl_sar_bitter/rl_sar_w1/rl_sar_bitter/devel/lib/python3/dist-packages/robot_msgs/msg/_LowlevelMotorState.py
Symlinking /home/tf/rl_sar_bitter/rl_sar_w1/rl_sar_bitter/devel/lib/python3/dist-packages/robot_msgs/msg/_Observation.py
Symlinking /home/tf/rl_sar_bitter/rl_sar_w1/rl_sar_bitter/devel/lib/python3/dist-packages/robot_msgs/msg/_RobotCommand.py
Symlinking /home/tf/rl_sar_bitter/rl_sar_w1/rl_sar_bitter/devel/lib/python3/dist-packages/robot_msgs/msg/_LowlevelMotorCmd.py
Symlinking /home/tf/rl_sar_bitter/rl_sar_w1/rl_sar_bitter/devel/lib/python3/dist-packages/robot_msgs/msg/_IMU.py
Symlinking /home/tf/rl_sar_bitter/rl_sar_w1/rl_sar_bitter/devel/lib/python3/dist-packages/robot_msgs/msg/__init__.py
Symlinking /home/tf/rl_sar_bitter/rl_sar_w1/rl_sar_bitter/devel/lib/python3/dist-packages/robot_msgs/msg/_LowlevelState.py
Symlinking /home/tf/rl_sar_bitter/rl_sar_w1/rl_sar_bitter/devel/lib/python3/dist-packages/robot_msgs/msg/_MotorState.py
Symlinking /home/tf/rl_sar_bitter/rl_sar_w1/rl_sar_bitter/devel/lib/python3/dist-packages/robot_msgs/msg/_RobotState.py
Symlinking /home/tf/rl_sar_bitter/rl_sar_w1/rl_sar_bitter/devel/lib/python3/dist-packages/robot_msgs/msg/_LowlevelCmd.py
Symlinking /home/tf/rl_sar_bitter/rl_sar_w1/rl_sar_bitter/devel/include/robot_msgs/Observation.h
Symlinking /home/tf/rl_sar_bitter/rl_sar_w1/rl_sar_bitter/devel/include/robot_msgs/LowlevelState.h
Symlinking /home/tf/rl_sar_bitter/rl_sar_w1/rl_sar_bitter/devel/include/robot_msgs/LowlevelMotorCmd.h
Symlinking /home/tf/rl_sar_bitter/rl_sar_w1/rl_sar_bitter/devel/include/robot_msgs/MotorCommand.h
Symlinking /home/tf/rl_sar_bitter/rl_sar_w1/rl_sar_bitter/devel/include/robot_msgs/LowlevelCmd.h
Symlinking /home/tf/rl_sar_bitter/rl_sar_w1/rl_sar_bitter/devel/include/robot_msgs/IMU.h
Symlinking /home/tf/rl_sar_bitter/rl_sar_w1/rl_sar_bitter/devel/include/robot_msgs/LowlevelMotorState.h
Symlinking /home/tf/rl_sar_bitter/rl_sar_w1/rl_sar_bitter/devel/include/robot_msgs/MotorState.h
Symlinking /home/tf/rl_sar_bitter/rl_sar_w1/rl_sar_bitter/devel/include/robot_msgs/BitterImu.h
Symlinking /home/tf/rl_sar_bitter/rl_sar_w1/rl_sar_bitter/devel/include/robot_msgs/RobotState.h
Symlinking /home/tf/rl_sar_bitter/rl_sar_w1/rl_sar_bitter/devel/include/robot_msgs/RobotCommand.h
Symlinking /home/tf/rl_sar_bitter/rl_sar_w1/rl_sar_bitter/devel/share/common-lisp/ros/robot_msgs/msg/_package_LowlevelMotorCmd.lisp
Symlinking /home/tf/rl_sar_bitter/rl_sar_w1/rl_sar_bitter/devel/share/common-lisp/ros/robot_msgs/msg/LowlevelMotorCmd.lisp
Symlinking /home/tf/rl_sar_bitter/rl_sar_w1/rl_sar_bitter/devel/share/common-lisp/ros/robot_msgs/msg/_package_MotorCommand.lisp
Symlinking /home/tf/rl_sar_bitter/rl_sar_w1/rl_sar_bitter/devel/share/common-lisp/ros/robot_msgs/msg/MotorState.lisp
Symlinking /home/tf/rl_sar_bitter/rl_sar_w1/rl_sar_bitter/devel/share/common-lisp/ros/robot_msgs/msg/LowlevelState.lisp
Symlinking /home/tf/rl_sar_bitter/rl_sar_w1/rl_sar_bitter/devel/share/common-lisp/ros/robot_msgs/msg/_package_BitterImu.lisp
Symlinking /home/tf/rl_sar_bitter/rl_sar_w1/rl_sar_bitter/devel/share/common-lisp/ros/robot_msgs/msg/_package_IMU.lisp
Symlinking /home/tf/rl_sar_bitter/rl_sar_w1/rl_sar_bitter/devel/share/common-lisp/ros/robot_msgs/msg/_package.lisp
Symlinking /home/tf/rl_sar_bitter/rl_sar_w1/rl_sar_bitter/devel/share/common-lisp/ros/robot_msgs/msg/IMU.lisp
Symlinking /home/tf/rl_sar_bitter/rl_sar_w1/rl_sar_bitter/devel/share/common-lisp/ros/robot_msgs/msg/_package_Observation.lisp
Symlinking /home/tf/rl_sar_bitter/rl_sar_w1/rl_sar_bitter/devel/share/common-lisp/ros/robot_msgs/msg/LowlevelMotorState.lisp
Symlinking /home/tf/rl_sar_bitter/rl_sar_w1/rl_sar_bitter/devel/share/common-lisp/ros/robot_msgs/msg/MotorCommand.lisp
Symlinking /home/tf/rl_sar_bitter/rl_sar_w1/rl_sar_bitter/devel/share/common-lisp/ros/robot_msgs/msg/RobotState.lisp
Symlinking /home/tf/rl_sar_bitter/rl_sar_w1/rl_sar_bitter/devel/share/common-lisp/ros/robot_msgs/msg/RobotCommand.lisp
Symlinking /home/tf/rl_sar_bitter/rl_sar_w1/rl_sar_bitter/devel/share/common-lisp/ros/robot_msgs/msg/robot_msgs-msg.asd
Symlinking /home/tf/rl_sar_bitter/rl_sar_w1/rl_sar_bitter/devel/share/common-lisp/ros/robot_msgs/msg/_package_LowlevelMotorState.lisp
Symlinking /home/tf/rl_sar_bitter/rl_sar_w1/rl_sar_bitter/devel/share/common-lisp/ros/robot_msgs/msg/_package_LowlevelCmd.lisp
Symlinking /home/tf/rl_sar_bitter/rl_sar_w1/rl_sar_bitter/devel/share/common-lisp/ros/robot_msgs/msg/Observation.lisp
Symlinking /home/tf/rl_sar_bitter/rl_sar_w1/rl_sar_bitter/devel/share/common-lisp/ros/robot_msgs/msg/_package_LowlevelState.lisp
Symlinking /home/tf/rl_sar_bitter/rl_sar_w1/rl_sar_bitter/devel/share/common-lisp/ros/robot_msgs/msg/LowlevelCmd.lisp
Symlinking /home/tf/rl_sar_bitter/rl_sar_w1/rl_sar_bitter/devel/share/common-lisp/ros/robot_msgs/msg/_package_RobotCommand.lisp
Symlinking /home/tf/rl_sar_bitter/rl_sar_w1/rl_sar_bitter/devel/share/common-lisp/ros/robot_msgs/msg/_package_MotorState.lisp
Symlinking /home/tf/rl_sar_bitter/rl_sar_w1/rl_sar_bitter/devel/share/common-lisp/ros/robot_msgs/msg/BitterImu.lisp
Symlinking /home/tf/rl_sar_bitter/rl_sar_w1/rl_sar_bitter/devel/share/common-lisp/ros/robot_msgs/msg/_package_RobotState.lisp
Symlinking /home/tf/rl_sar_bitter/rl_sar_w1/rl_sar_bitter/devel/share/gennodejs/ros/robot_msgs/_index.js
Symlinking /home/tf/rl_sar_bitter/rl_sar_w1/rl_sar_bitter/devel/share/gennodejs/ros/robot_msgs/msg/RobotCommand.js
Symlinking /home/tf/rl_sar_bitter/rl_sar_w1/rl_sar_bitter/devel/share/gennodejs/ros/robot_msgs/msg/MotorCommand.js
Symlinking /home/tf/rl_sar_bitter/rl_sar_w1/rl_sar_bitter/devel/share/gennodejs/ros/robot_msgs/msg/Observation.js
Symlinking /home/tf/rl_sar_bitter/rl_sar_w1/rl_sar_bitter/devel/share/gennodejs/ros/robot_msgs/msg/LowlevelMotorCmd.js
Symlinking /home/tf/rl_sar_bitter/rl_sar_w1/rl_sar_bitter/devel/share/gennodejs/ros/robot_msgs/msg/LowlevelState.js
Symlinking /home/tf/rl_sar_bitter/rl_sar_w1/rl_sar_bitter/devel/share/gennodejs/ros/robot_msgs/msg/LowlevelCmd.js
Symlinking /home/tf/rl_sar_bitter/rl_sar_w1/rl_sar_bitter/devel/share/gennodejs/ros/robot_msgs/msg/RobotState.js
Symlinking /home/tf/rl_sar_bitter/rl_sar_w1/rl_sar_bitter/devel/share/gennodejs/ros/robot_msgs/msg/_index.js
Symlinking /home/tf/rl_sar_bitter/rl_sar_w1/rl_sar_bitter/devel/share/gennodejs/ros/robot_msgs/msg/MotorState.js
Symlinking /home/tf/rl_sar_bitter/rl_sar_w1/rl_sar_bitter/devel/share/gennodejs/ros/robot_msgs/msg/LowlevelMotorState.js
Symlinking /home/tf/rl_sar_bitter/rl_sar_w1/rl_sar_bitter/devel/share/gennodejs/ros/robot_msgs/msg/BitterImu.js
Symlinking /home/tf/rl_sar_bitter/rl_sar_w1/rl_sar_bitter/devel/share/gennodejs/ros/robot_msgs/msg/IMU.js
Symlinking /home/tf/rl_sar_bitter/rl_sar_w1/rl_sar_bitter/devel/share/robot_msgs/cmake/robot_msgsConfig.cmake
Symlinking /home/tf/rl_sar_bitter/rl_sar_w1/rl_sar_bitter/devel/share/robot_msgs/cmake/robot_msgsConfig-version.cmake
Symlinking /home/tf/rl_sar_bitter/rl_sar_w1/rl_sar_bitter/devel/share/robot_msgs/cmake/robot_msgs-msg-paths.cmake
Symlinking /home/tf/rl_sar_bitter/rl_sar_w1/rl_sar_bitter/devel/share/robot_msgs/cmake/robot_msgs-msg-extras.cmake
Symlinking /home/tf/rl_sar_bitter/rl_sar_w1/rl_sar_bitter/devel/share/roseus/ros/robot_msgs/manifest.l
Symlinking /home/tf/rl_sar_bitter/rl_sar_w1/rl_sar_bitter/devel/share/roseus/ros/robot_msgs/msg/RobotCommand.l
Symlinking /home/tf/rl_sar_bitter/rl_sar_w1/rl_sar_bitter/devel/share/roseus/ros/robot_msgs/msg/Observation.l
Symlinking /home/tf/rl_sar_bitter/rl_sar_w1/rl_sar_bitter/devel/share/roseus/ros/robot_msgs/msg/BitterImu.l
Symlinking /home/tf/rl_sar_bitter/rl_sar_w1/rl_sar_bitter/devel/share/roseus/ros/robot_msgs/msg/LowlevelCmd.l
Symlinking /home/tf/rl_sar_bitter/rl_sar_w1/rl_sar_bitter/devel/share/roseus/ros/robot_msgs/msg/LowlevelMotorCmd.l
Symlinking /home/tf/rl_sar_bitter/rl_sar_w1/rl_sar_bitter/devel/share/roseus/ros/robot_msgs/msg/MotorState.l
Symlinking /home/tf/rl_sar_bitter/rl_sar_w1/rl_sar_bitter/devel/share/roseus/ros/robot_msgs/msg/IMU.l
Symlinking /home/tf/rl_sar_bitter/rl_sar_w1/rl_sar_bitter/devel/share/roseus/ros/robot_msgs/msg/MotorCommand.l
Symlinking /home/tf/rl_sar_bitter/rl_sar_w1/rl_sar_bitter/devel/share/roseus/ros/robot_msgs/msg/LowlevelState.l
Symlinking /home/tf/rl_sar_bitter/rl_sar_w1/rl_sar_bitter/devel/share/roseus/ros/robot_msgs/msg/RobotState.l
Symlinking /home/tf/rl_sar_bitter/rl_sar_w1/rl_sar_bitter/devel/share/roseus/ros/robot_msgs/msg/LowlevelMotorState.l
