[35m[1mScanning dependencies of target _robot_msgs_generate_messages_check_deps_IMU[0m
[35m[1mScanning dependencies of target _robot_msgs_generate_messages_check_deps_LowlevelMotorState[0m
[35m[1mScanning dependencies of target _robot_msgs_generate_messages_check_deps_LowlevelMotorCmd[0m
[35m[1mScanning dependencies of target _robot_msgs_generate_messages_check_deps_Observation[0m
[35m[1mScanning dependencies of target _robot_msgs_generate_messages_check_deps_LowlevelState[0m
[35m[1mScanning dependencies of target _robot_msgs_generate_messages_check_deps_RobotCommand[0m
[35m[1mScanning dependencies of target _robot_msgs_generate_messages_check_deps_BitterImu[0m
[35m[1mScanning dependencies of target geometry_msgs_generate_messages_eus[0m
[35m[1mScanning dependencies of target std_msgs_generate_messages_eus[0m
[35m[1mScanning dependencies of target sensor_msgs_generate_messages_eus[0m
[35m[1mScanning dependencies of target _robot_msgs_generate_messages_check_deps_RobotState[0m
[35m[1mScanning dependencies of target _robot_msgs_generate_messages_check_deps_LowlevelCmd[0m
[35m[1mScanning dependencies of target _robot_msgs_generate_messages_check_deps_MotorCommand[0m
[35m[1mScanning dependencies of target _robot_msgs_generate_messages_check_deps_MotorState[0m
[  0%] Built target std_msgs_generate_messages_eus
[  0%] Built target sensor_msgs_generate_messages_eus
[  0%] Built target geometry_msgs_generate_messages_eus
[35m[1mScanning dependencies of target std_msgs_generate_messages_lisp[0m
[35m[1mScanning dependencies of target sensor_msgs_generate_messages_lisp[0m
[35m[1mScanning dependencies of target geometry_msgs_generate_messages_lisp[0m
[  0%] Built target std_msgs_generate_messages_lisp
[  0%] Built target sensor_msgs_generate_messages_lisp
[  0%] Built target geometry_msgs_generate_messages_lisp
[35m[1mScanning dependencies of target geometry_msgs_generate_messages_nodejs[0m
[  0%] Built target _robot_msgs_generate_messages_check_deps_Observation
[35m[1mScanning dependencies of target sensor_msgs_generate_messages_nodejs[0m
[35m[1mScanning dependencies of target std_msgs_generate_messages_nodejs[0m
[  0%] Built target _robot_msgs_generate_messages_check_deps_RobotCommand
[  0%] Built target _robot_msgs_generate_messages_check_deps_LowlevelMotorCmd
[  0%] Built target _robot_msgs_generate_messages_check_deps_MotorCommand
[  0%] Built target _robot_msgs_generate_messages_check_deps_LowlevelMotorState
[  0%] Built target _robot_msgs_generate_messages_check_deps_RobotState
[  0%] Built target _robot_msgs_generate_messages_check_deps_IMU
[  0%] Built target _robot_msgs_generate_messages_check_deps_LowlevelCmd
[  0%] Built target geometry_msgs_generate_messages_nodejs
[  0%] Built target std_msgs_generate_messages_nodejs
[35m[1mScanning dependencies of target geometry_msgs_generate_messages_py[0m
[35m[1mScanning dependencies of target sensor_msgs_generate_messages_py[0m
[  0%] Built target _robot_msgs_generate_messages_check_deps_LowlevelState
[  0%] Built target sensor_msgs_generate_messages_nodejs
[35m[1mScanning dependencies of target std_msgs_generate_messages_py[0m
[35m[1mScanning dependencies of target sensor_msgs_generate_messages_cpp[0m
[35m[1mScanning dependencies of target std_msgs_generate_messages_cpp[0m
[35m[1mScanning dependencies of target geometry_msgs_generate_messages_cpp[0m
[  0%] Built target _robot_msgs_generate_messages_check_deps_BitterImu
[  0%] Built target geometry_msgs_generate_messages_py
[  0%] Built target sensor_msgs_generate_messages_py
[  0%] Built target std_msgs_generate_messages_cpp
[  0%] Built target geometry_msgs_generate_messages_cpp
[  0%] Built target std_msgs_generate_messages_py
[  0%] Built target _robot_msgs_generate_messages_check_deps_MotorState
[  0%] Built target sensor_msgs_generate_messages_cpp
[35m[1mScanning dependencies of target robot_msgs_generate_messages_eus[0m
[35m[1mScanning dependencies of target robot_msgs_generate_messages_cpp[0m
[35m[1mScanning dependencies of target robot_msgs_generate_messages_lisp[0m
[35m[1mScanning dependencies of target robot_msgs_generate_messages_nodejs[0m
[35m[1mScanning dependencies of target robot_msgs_generate_messages_py[0m
[  1%] [34m[1mGenerating Python from MSG robot_msgs/MotorCommand[0m
[  3%] [34m[1mGenerating EusLisp code from robot_msgs/RobotCommand.msg[0m
[  5%] [34m[1mGenerating Lisp code from robot_msgs/MotorCommand.msg[0m
[  8%] [34m[1mGenerating C++ code from robot_msgs/MotorCommand.msg[0m
[  7%] [34m[1mGenerating C++ code from robot_msgs/MotorState.msg[0m
[ 17%] [34m[1mGenerating EusLisp code from robot_msgs/MotorCommand.msg[0m
[ 17%] [34m[1mGenerating Javascript code from robot_msgs/MotorState.msg[0m
[ 17%] [34m[1mGenerating Javascript code from robot_msgs/MotorCommand.msg[0m
[ 17%] [34m[1mGenerating C++ code from robot_msgs/RobotCommand.msg[0m
[ 19%] [34m[1mGenerating EusLisp code from robot_msgs/MotorState.msg[0m
[ 19%] [34m[1mGenerating Lisp code from robot_msgs/RobotCommand.msg[0m
[ 21%] [34m[1mGenerating EusLisp code from robot_msgs/RobotState.msg[0m
[ 22%] [34m[1mGenerating Lisp code from robot_msgs/MotorState.msg[0m
[ 24%] [34m[1mGenerating C++ code from robot_msgs/RobotState.msg[0m
[ 26%] [34m[1mGenerating Lisp code from robot_msgs/RobotState.msg[0m
[ 28%] [34m[1mGenerating Javascript code from robot_msgs/RobotCommand.msg[0m
[ 29%] [34m[1mGenerating Python from MSG robot_msgs/MotorState[0m
[ 31%] [34m[1mGenerating Python from MSG robot_msgs/RobotCommand[0m
[ 33%] [34m[1mGenerating Python from MSG robot_msgs/RobotState[0m
[ 35%] [34m[1mGenerating Python from MSG robot_msgs/IMU[0m
[ 36%] [34m[1mGenerating EusLisp code from robot_msgs/IMU.msg[0m
[ 38%] [34m[1mGenerating Lisp code from robot_msgs/IMU.msg[0m
[ 40%] [34m[1mGenerating Javascript code from robot_msgs/RobotState.msg[0m
[ 42%] [34m[1mGenerating EusLisp code from robot_msgs/BitterImu.msg[0m
[ 43%] [34m[1mGenerating Python from MSG robot_msgs/BitterImu[0m
[ 45%] [34m[1mGenerating C++ code from robot_msgs/IMU.msg[0m
[ 47%] [34m[1mGenerating Lisp code from robot_msgs/BitterImu.msg[0m
[ 49%] [34m[1mGenerating C++ code from robot_msgs/BitterImu.msg[0m
[ 50%] [34m[1mGenerating Javascript code from robot_msgs/IMU.msg[0m
[ 52%] [34m[1mGenerating EusLisp code from robot_msgs/Observation.msg[0m
[ 54%] [34m[1mGenerating Lisp code from robot_msgs/Observation.msg[0m
[ 56%] [34m[1mGenerating Python from MSG robot_msgs/Observation[0m
[ 57%] [34m[1mGenerating Javascript code from robot_msgs/BitterImu.msg[0m
[ 59%] [34m[1mGenerating Lisp code from robot_msgs/LowlevelCmd.msg[0m
[ 61%] [34m[1mGenerating EusLisp code from robot_msgs/LowlevelCmd.msg[0m
[ 63%] [34m[1mGenerating Python from MSG robot_msgs/LowlevelCmd[0m
[ 64%] [34m[1mGenerating C++ code from robot_msgs/Observation.msg[0m
[ 66%] [34m[1mGenerating Lisp code from robot_msgs/LowlevelState.msg[0m
[ 68%] [34m[1mGenerating C++ code from robot_msgs/LowlevelCmd.msg[0m
[ 70%] [34m[1mGenerating C++ code from robot_msgs/LowlevelState.msg[0m
[ 71%] [34m[1mGenerating C++ code from robot_msgs/LowlevelMotorCmd.msg[0m
[ 73%] [34m[1mGenerating EusLisp code from robot_msgs/LowlevelState.msg[0m
[ 75%] [34m[1mGenerating C++ code from robot_msgs/LowlevelMotorState.msg[0m
[ 77%] [34m[1mGenerating EusLisp code from robot_msgs/LowlevelMotorCmd.msg[0m
[ 78%] [34m[1mGenerating Javascript code from robot_msgs/Observation.msg[0m
[ 80%] [34m[1mGenerating Python from MSG robot_msgs/LowlevelState[0m
[ 82%] [34m[1mGenerating Python from MSG robot_msgs/LowlevelMotorCmd[0m
[ 84%] [34m[1mGenerating Lisp code from robot_msgs/LowlevelMotorCmd.msg[0m
[ 85%] [34m[1mGenerating Lisp code from robot_msgs/LowlevelMotorState.msg[0m
[ 87%] [34m[1mGenerating EusLisp code from robot_msgs/LowlevelMotorState.msg[0m
[ 89%] [34m[1mGenerating EusLisp manifest code for robot_msgs[0m
[ 91%] [34m[1mGenerating Javascript code from robot_msgs/LowlevelCmd.msg[0m
[ 92%] [34m[1mGenerating Python from MSG robot_msgs/LowlevelMotorState[0m
[ 94%] [34m[1mGenerating Javascript code from robot_msgs/LowlevelState.msg[0m
[ 96%] [34m[1mGenerating Javascript code from robot_msgs/LowlevelMotorCmd.msg[0m
[ 98%] [34m[1mGenerating Javascript code from robot_msgs/LowlevelMotorState.msg[0m
[ 98%] Built target robot_msgs_generate_messages_lisp
[ 98%] Built target robot_msgs_generate_messages_cpp
[ 98%] Built target robot_msgs_generate_messages_nodejs
[100%] [34m[1mGenerating Python msg __init__.py for robot_msgs[0m
[100%] Built target robot_msgs_generate_messages_py
[100%] Built target robot_msgs_generate_messages_eus
[35m[1mScanning dependencies of target robot_msgs_generate_messages[0m
[100%] Built target robot_msgs_generate_messages
